app/build/intermediates/manifest_merge_blame_file/debug/manifest-merger-blame-debug-report.txt
1<?xml version="1.0" encoding="utf-8"?>
2<manifest xmlns:android="http://schemas.android.com/apk/res/android"
3    package="com.example.interview"
4    android:versionCode="1"
5    android:versionName="1.0" >
6
7    <uses-sdk
8        android:minSdkVersion="30"
9        android:targetSdkVersion="34" />
10
11    <uses-permission android:name="android.permission.ACCESS_NETWORK_STATE" />
11-->src\main\AndroidManifest.xml:5:5-79
11-->src\main\AndroidManifest.xml:5:22-76
12    <uses-permission android:name="android.permission.INTERNET" />
12-->src\main\AndroidManifest.xml:6:5-67
12-->src\main\AndroidManifest.xml:6:22-64
13    <uses-permission
13-->src\main\AndroidManifest.xml:7:5-9:38
14        android:name="android.permission.READ_EXTERNAL_STORAGE"
14-->src\main\AndroidManifest.xml:8:9-64
15        android:maxSdkVersion="32" />
15-->src\main\AndroidManifest.xml:9:9-35
16    <uses-permission android:name="android.permission.CAMERA" />
16-->src\main\AndroidManifest.xml:10:5-65
16-->src\main\AndroidManifest.xml:10:22-62
17    <uses-permission
17-->src\main\AndroidManifest.xml:11:5-13:38
18        android:name="android.permission.WRITE_EXTERNAL_STORAGE"
18-->src\main\AndroidManifest.xml:12:9-65
19        android:maxSdkVersion="32" />
19-->src\main\AndroidManifest.xml:13:9-35
20    <uses-permission android:name="android.permission.READ_MEDIA_IMAGES" />
20-->src\main\AndroidManifest.xml:14:5-76
20-->src\main\AndroidManifest.xml:14:22-73
21
22    <uses-feature android:name="android.hardware.camera" />
22-->src\main\AndroidManifest.xml:16:5-60
22-->src\main\AndroidManifest.xml:16:19-57
23
24    <uses-permission android:name="android.permission.ACCESS_COARSE_LOCATION" />
24-->src\main\AndroidManifest.xml:18:5-81
24-->src\main\AndroidManifest.xml:18:22-78
25    <uses-permission android:name="android.permission.ACCESS_FINE_LOCATION" />
25-->src\main\AndroidManifest.xml:19:5-79
25-->src\main\AndroidManifest.xml:19:22-76
26    <uses-permission android:name="android.permission.ACCESS_BACKGROUND_LOCATION" />
26-->src\main\AndroidManifest.xml:20:5-85
26-->src\main\AndroidManifest.xml:20:22-82
27    <uses-permission android:name="android.permission.REORDER_TASKS" />
27-->[androidx.test:core:1.5.0] AndroidManifest.xml:24:5-72
27-->[androidx.test:core:1.5.0] AndroidManifest.xml:24:22-69
28
29    <permission
29-->[androidx.core:core:1.12.0] AndroidManifest.xml:22:5-24:47
30        android:name="com.example.interview.DYNAMIC_RECEIVER_NOT_EXPORTED_PERMISSION"
30-->[androidx.core:core:1.12.0] AndroidManifest.xml:23:9-81
31        android:protectionLevel="signature" />
31-->[androidx.core:core:1.12.0] AndroidManifest.xml:24:9-44
32
33    <uses-permission android:name="com.example.interview.DYNAMIC_RECEIVER_NOT_EXPORTED_PERMISSION" />
33-->[androidx.core:core:1.12.0] AndroidManifest.xml:26:5-97
33-->[androidx.core:core:1.12.0] AndroidManifest.xml:26:22-94
34
35    <queries>
35-->[androidx.test:runner:1.5.2] AndroidManifest.xml:24:5-28:15
36        <package android:name="androidx.test.orchestrator" />
36-->[androidx.test:runner:1.5.2] AndroidManifest.xml:25:9-62
36-->[androidx.test:runner:1.5.2] AndroidManifest.xml:25:18-59
37        <package android:name="androidx.test.services" />
37-->[androidx.test:runner:1.5.2] AndroidManifest.xml:26:9-58
37-->[androidx.test:runner:1.5.2] AndroidManifest.xml:26:18-55
38        <package android:name="com.google.android.apps.common.testing.services" />
38-->[androidx.test:runner:1.5.2] AndroidManifest.xml:27:9-83
38-->[androidx.test:runner:1.5.2] AndroidManifest.xml:27:18-80
39    </queries>
40
41    <application
41-->src\main\AndroidManifest.xml:22:5-60:19
42        android:allowBackup="true"
42-->src\main\AndroidManifest.xml:23:9-35
43        android:appComponentFactory="androidx.core.app.CoreComponentFactory"
43-->[androidx.core:core:1.12.0] AndroidManifest.xml:28:18-86
44        android:dataExtractionRules="@xml/data_extraction_rules"
44-->src\main\AndroidManifest.xml:24:9-65
45        android:debuggable="true"
46        android:extractNativeLibs="false"
47        android:fullBackupContent="@xml/backup_rules"
47-->src\main\AndroidManifest.xml:25:9-54
48        android:icon="@mipmap/ic_launcher"
48-->src\main\AndroidManifest.xml:26:9-43
49        android:label="@string/app_name"
49-->src\main\AndroidManifest.xml:27:9-41
50        android:roundIcon="@mipmap/ic_launcher_round"
50-->src\main\AndroidManifest.xml:28:9-54
51        android:supportsRtl="true"
51-->src\main\AndroidManifest.xml:29:9-35
52        android:testOnly="true"
53        android:theme="@style/Theme.Interview" >
53-->src\main\AndroidManifest.xml:30:9-47
54        <activity
54-->src\main\AndroidManifest.xml:32:9-35:53
55            android:name="com.example.interview.RegisterActivity"
55-->src\main\AndroidManifest.xml:33:13-45
56            android:exported="true"
56-->src\main\AndroidManifest.xml:34:13-36
57            android:theme="@style/Theme.AppCompat" />
57-->src\main\AndroidManifest.xml:35:13-51
58        <activity
58-->src\main\AndroidManifest.xml:36:9-39:54
59            android:name="com.example.interview.DashboardActivity"
59-->src\main\AndroidManifest.xml:37:13-46
60            android:exported="true"
60-->src\main\AndroidManifest.xml:38:13-36
61            android:theme="@style/Theme.AppCompat" />
61-->src\main\AndroidManifest.xml:39:13-51
62        <activity
62-->src\main\AndroidManifest.xml:40:9-50:20
63            android:name="com.example.interview.Login"
63-->src\main\AndroidManifest.xml:41:13-34
64            android:exported="true"
64-->src\main\AndroidManifest.xml:42:13-36
65            android:label="@string/app_name"
65-->src\main\AndroidManifest.xml:43:13-45
66            android:theme="@style/Theme.AppCompat" >
66-->src\main\AndroidManifest.xml:44:13-51
67            <intent-filter>
67-->src\main\AndroidManifest.xml:45:13-49:29
68                <action android:name="android.intent.action.MAIN" />
68-->src\main\AndroidManifest.xml:46:17-69
68-->src\main\AndroidManifest.xml:46:25-66
69
70                <category android:name="android.intent.category.LAUNCHER" />
70-->src\main\AndroidManifest.xml:48:17-77
70-->src\main\AndroidManifest.xml:48:27-74
71            </intent-filter>
72        </activity>
73
74        <provider
74-->src\main\AndroidManifest.xml:51:9-59:20
75            android:name="androidx.core.content.FileProvider"
75-->src\main\AndroidManifest.xml:53:13-62
76            android:authorities="com.example.interview.fileProvider"
76-->src\main\AndroidManifest.xml:52:13-69
77            android:exported="false"
77-->src\main\AndroidManifest.xml:55:13-37
78            android:grantUriPermissions="true" >
78-->src\main\AndroidManifest.xml:54:13-47
79            <meta-data
79-->src\main\AndroidManifest.xml:56:13-58:53
80                android:name="android.support.FILE_PROVIDER_PATHS"
80-->src\main\AndroidManifest.xml:57:17-67
81                android:resource="@xml/file_paths" />
81-->src\main\AndroidManifest.xml:58:17-51
82        </provider>
83
84        <activity
84-->[androidx.compose.ui:ui-test-manifest:1.4.0] AndroidManifest.xml:23:9-25:39
85            android:name="androidx.activity.ComponentActivity"
85-->[androidx.compose.ui:ui-test-manifest:1.4.0] AndroidManifest.xml:24:13-63
86            android:exported="true" />
86-->[androidx.compose.ui:ui-test-manifest:1.4.0] AndroidManifest.xml:25:13-36
87        <activity
87-->[androidx.compose.ui:ui-tooling:1.4.0] AndroidManifest.xml:23:9-25:39
88            android:name="androidx.compose.ui.tooling.PreviewActivity"
88-->[androidx.compose.ui:ui-tooling:1.4.0] AndroidManifest.xml:24:13-71
89            android:exported="true" />
89-->[androidx.compose.ui:ui-tooling:1.4.0] AndroidManifest.xml:25:13-36
90        <activity
90-->[androidx.test:core:1.5.0] AndroidManifest.xml:27:9-34:20
91            android:name="androidx.test.core.app.InstrumentationActivityInvoker$BootstrapActivity"
91-->[androidx.test:core:1.5.0] AndroidManifest.xml:28:13-99
92            android:exported="true"
92-->[androidx.test:core:1.5.0] AndroidManifest.xml:29:13-36
93            android:theme="@style/WhiteBackgroundTheme" >
93-->[androidx.test:core:1.5.0] AndroidManifest.xml:30:13-56
94            <intent-filter android:priority="-100" >
94-->[androidx.test:core:1.5.0] AndroidManifest.xml:31:13-33:29
94-->[androidx.test:core:1.5.0] AndroidManifest.xml:31:28-51
95                <category android:name="android.intent.category.LAUNCHER" />
95-->src\main\AndroidManifest.xml:48:17-77
95-->src\main\AndroidManifest.xml:48:27-74
96            </intent-filter>
97        </activity>
98        <activity
98-->[androidx.test:core:1.5.0] AndroidManifest.xml:35:9-42:20
99            android:name="androidx.test.core.app.InstrumentationActivityInvoker$EmptyActivity"
99-->[androidx.test:core:1.5.0] AndroidManifest.xml:36:13-95
100            android:exported="true"
100-->[androidx.test:core:1.5.0] AndroidManifest.xml:37:13-36
101            android:theme="@style/WhiteBackgroundTheme" >
101-->[androidx.test:core:1.5.0] AndroidManifest.xml:38:13-56
102            <intent-filter android:priority="-100" >
102-->[androidx.test:core:1.5.0] AndroidManifest.xml:31:13-33:29
102-->[androidx.test:core:1.5.0] AndroidManifest.xml:31:28-51
103                <category android:name="android.intent.category.LAUNCHER" />
103-->src\main\AndroidManifest.xml:48:17-77
103-->src\main\AndroidManifest.xml:48:27-74
104            </intent-filter>
105        </activity>
106        <activity
106-->[androidx.test:core:1.5.0] AndroidManifest.xml:43:9-50:20
107            android:name="androidx.test.core.app.InstrumentationActivityInvoker$EmptyFloatingActivity"
107-->[androidx.test:core:1.5.0] AndroidManifest.xml:44:13-103
108            android:exported="true"
108-->[androidx.test:core:1.5.0] AndroidManifest.xml:45:13-36
109            android:theme="@style/WhiteBackgroundDialogTheme" >
109-->[androidx.test:core:1.5.0] AndroidManifest.xml:46:13-62
110            <intent-filter android:priority="-100" >
110-->[androidx.test:core:1.5.0] AndroidManifest.xml:31:13-33:29
110-->[androidx.test:core:1.5.0] AndroidManifest.xml:31:28-51
111                <category android:name="android.intent.category.LAUNCHER" />
111-->src\main\AndroidManifest.xml:48:17-77
111-->src\main\AndroidManifest.xml:48:27-74
112            </intent-filter>
113        </activity>
114
115        <provider
115-->[androidx.emoji2:emoji2:1.3.0] AndroidManifest.xml:24:9-32:20
116            android:name="androidx.startup.InitializationProvider"
116-->[androidx.emoji2:emoji2:1.3.0] AndroidManifest.xml:25:13-67
117            android:authorities="com.example.interview.androidx-startup"
117-->[androidx.emoji2:emoji2:1.3.0] AndroidManifest.xml:26:13-68
118            android:exported="false" >
118-->[androidx.emoji2:emoji2:1.3.0] AndroidManifest.xml:27:13-37
119            <meta-data
119-->[androidx.emoji2:emoji2:1.3.0] AndroidManifest.xml:29:13-31:52
120                android:name="androidx.emoji2.text.EmojiCompatInitializer"
120-->[androidx.emoji2:emoji2:1.3.0] AndroidManifest.xml:30:17-75
121                android:value="androidx.startup" />
121-->[androidx.emoji2:emoji2:1.3.0] AndroidManifest.xml:31:17-49
122            <meta-data
122-->[androidx.lifecycle:lifecycle-process:2.6.2] AndroidManifest.xml:29:13-31:52
123                android:name="androidx.lifecycle.ProcessLifecycleInitializer"
123-->[androidx.lifecycle:lifecycle-process:2.6.2] AndroidManifest.xml:30:17-78
124                android:value="androidx.startup" />
124-->[androidx.lifecycle:lifecycle-process:2.6.2] AndroidManifest.xml:31:17-49
125            <meta-data
125-->[androidx.profileinstaller:profileinstaller:1.3.0] AndroidManifest.xml:29:13-31:52
126                android:name="androidx.profileinstaller.ProfileInstallerInitializer"
126-->[androidx.profileinstaller:profileinstaller:1.3.0] AndroidManifest.xml:30:17-85
127                android:value="androidx.startup" />
127-->[androidx.profileinstaller:profileinstaller:1.3.0] AndroidManifest.xml:31:17-49
128        </provider>
129
130        <uses-library
130-->[androidx.window:window:1.0.0] AndroidManifest.xml:25:9-27:40
131            android:name="androidx.window.extensions"
131-->[androidx.window:window:1.0.0] AndroidManifest.xml:26:13-54
132            android:required="false" />
132-->[androidx.window:window:1.0.0] AndroidManifest.xml:27:13-37
133        <uses-library
133-->[androidx.window:window:1.0.0] AndroidManifest.xml:28:9-30:40
134            android:name="androidx.window.sidecar"
134-->[androidx.window:window:1.0.0] AndroidManifest.xml:29:13-51
135            android:required="false" />
135-->[androidx.window:window:1.0.0] AndroidManifest.xml:30:13-37
136
137        <service
137-->[androidx.room:room-runtime:2.6.0] AndroidManifest.xml:24:9-28:63
138            android:name="androidx.room.MultiInstanceInvalidationService"
138-->[androidx.room:room-runtime:2.6.0] AndroidManifest.xml:25:13-74
139            android:directBootAware="true"
139-->[androidx.room:room-runtime:2.6.0] AndroidManifest.xml:26:13-43
140            android:exported="false" />
140-->[androidx.room:room-runtime:2.6.0] AndroidManifest.xml:27:13-37
141
142        <receiver
142-->[androidx.profileinstaller:profileinstaller:1.3.0] AndroidManifest.xml:34:9-52:20
143            android:name="androidx.profileinstaller.ProfileInstallReceiver"
143-->[androidx.profileinstaller:profileinstaller:1.3.0] AndroidManifest.xml:35:13-76
144            android:directBootAware="false"
144-->[androidx.profileinstaller:profileinstaller:1.3.0] AndroidManifest.xml:36:13-44
145            android:enabled="true"
145-->[androidx.profileinstaller:profileinstaller:1.3.0] AndroidManifest.xml:37:13-35
146            android:exported="true"
146-->[androidx.profileinstaller:profileinstaller:1.3.0] AndroidManifest.xml:38:13-36
147            android:permission="android.permission.DUMP" >
147-->[androidx.profileinstaller:profileinstaller:1.3.0] AndroidManifest.xml:39:13-57
148            <intent-filter>
148-->[androidx.profileinstaller:profileinstaller:1.3.0] AndroidManifest.xml:40:13-42:29
149                <action android:name="androidx.profileinstaller.action.INSTALL_PROFILE" />
149-->[androidx.profileinstaller:profileinstaller:1.3.0] AndroidManifest.xml:41:17-91
149-->[androidx.profileinstaller:profileinstaller:1.3.0] AndroidManifest.xml:41:25-88
150            </intent-filter>
151            <intent-filter>
151-->[androidx.profileinstaller:profileinstaller:1.3.0] AndroidManifest.xml:43:13-45:29
152                <action android:name="androidx.profileinstaller.action.SKIP_FILE" />
152-->[androidx.profileinstaller:profileinstaller:1.3.0] AndroidManifest.xml:44:17-85
152-->[androidx.profileinstaller:profileinstaller:1.3.0] AndroidManifest.xml:44:25-82
153            </intent-filter>
154            <intent-filter>
154-->[androidx.profileinstaller:profileinstaller:1.3.0] AndroidManifest.xml:46:13-48:29
155                <action android:name="androidx.profileinstaller.action.SAVE_PROFILE" />
155-->[androidx.profileinstaller:profileinstaller:1.3.0] AndroidManifest.xml:47:17-88
155-->[androidx.profileinstaller:profileinstaller:1.3.0] AndroidManifest.xml:47:25-85
156            </intent-filter>
157            <intent-filter>
157-->[androidx.profileinstaller:profileinstaller:1.3.0] AndroidManifest.xml:49:13-51:29
158                <action android:name="androidx.profileinstaller.action.BENCHMARK_OPERATION" />
158-->[androidx.profileinstaller:profileinstaller:1.3.0] AndroidManifest.xml:50:17-95
158-->[androidx.profileinstaller:profileinstaller:1.3.0] AndroidManifest.xml:50:25-92
159            </intent-filter>
160        </receiver>
161    </application>
162
163</manifest>